(' ', 183991)
('e', 70413)
('t', 47343)
('a', 42224)
('o', 41141)
('n', 38432)
('i', 36283)
('h', 33946)
('r', 33372)
('s', 33290)
('d', 22261)
('l', 21282)
('u', 15439)
('\r', 14594)
('\n', 14594)
('m', 13402)
('c', 13399)
('y', 12659)
('f', 12177)
('w', 11923)
('g', 10162)
(',', 9280)
('p', 8447)
('b', 8249)
('.', 6396)
('v', 5815)
('k', 3241)
('I', 2675)
('“', 1802)
('”', 1751)
('M', 1724)
(';', 1538)
('B', 1115)
('z', 935)
('_', 928)
('T', 886)
('x', 865)
('E', 852)
('L', 791)
('C', 728)
('’', 727)
('H', 704)
('W', 655)
('j', 639)
('q', 637)
('D', 593)
('S', 583)
('A', 535)
('!', 499)
('?', 463)
('-', 406)
('—', 395)
('Y', 374)
('J', 330)
('N', 298)
('P', 296)
('G', 283)
('O', 244)
('F', 208)
('R', 165)
(':', 154)
('K', 102)
('1', 100)
('U', 70)
('2', 51)
('3', 49)
('4', 47)
('5', 45)
('(', 38)
(')', 38)
('0', 34)
('V', 30)
('*', 28)
('6', 27)
('/', 26)
('8', 24)
('9', 22)
('7', 19)
('‘', 19)
('ê', 8)
('à', 4)
('Z', 3)
('[', 2)
('#', 2)
(']', 2)
('X', 2)
("'", 2)
('@', 2)
('$', 2)
('\ufeff', 1)
('é', 1)
('%', 1)
('Q', 1)
('', 1)
