(' ', 66933)
('e', 37794)
('t', 28746)
('o', 24663)
('a', 24163)
('n', 21168)
('h', 19348)
('i', 18690)
('s', 18141)
('r', 16522)
('d', 15339)
('l', 12591)
('u', 9552)
('\r', 9209)
('\n', 9209)
('w', 7808)
('m', 7396)
('c', 7054)
('y', 6925)
('g', 6905)
('f', 6342)
(',', 5085)
('p', 4826)
('b', 4795)
('.', 4140)
('k', 3188)
('v', 2493)
('-', 2480)
("'", 2463)
('T', 2152)
('I', 1592)
('“', 1545)
('”', 1538)
('H', 1009)
('A', 711)
('S', 689)
('!', 647)
(';', 643)
('W', 582)
('B', 498)
('j', 474)
('?', 458)
('P', 449)
('_', 440)
('N', 342)
('x', 337)
('E', 294)
('M', 289)
('O', 278)
('J', 277)
(':', 266)
('C', 246)
('R', 230)
('D', 228)
('Y', 215)
('G', 204)
('L', 189)
('q', 183)
('z', 161)
('F', 159)
('X', 104)
('U', 74)
('1', 58)
('V', 58)
('(', 40)
(')', 40)
('*', 32)
('/', 24)
('0', 23)
('2', 22)
('K', 19)
('[', 17)
(']', 17)
('4', 13)
('3', 13)
('7', 12)
('8', 12)
('5', 12)
('\xa0', 10)
('6', 9)
('9', 9)
('Q', 8)
('@', 2)
('$', 2)
('\ufeff', 1)
('#', 1)
('&', 1)
('%', 1)
('', 1)
