(' ', 27459)
('e', 15293)
('t', 11795)
('o', 9382)
('a', 9185)
('n', 7950)
('i', 7883)
('h', 7677)
('s', 7063)
('r', 6512)
('d', 5287)
('l', 5111)
('u', 3932)
('\n', 3773)
('c', 2854)
('g', 2774)
('w', 2746)
(',', 2575)
('y', 2506)
('m', 2268)
('f', 2259)
('p', 1800)
('b', 1645)
('.', 1225)
('k', 1215)
('“', 1118)
('”', 1114)
('v', 947)
('I', 786)
('’', 712)
('A', 675)
('T', 488)
('!', 452)
('_', 440)
('—', 263)
(':', 249)
('H', 245)
('W', 231)
('S', 229)
('j', 223)
('-', 220)
('D', 211)
('?', 204)
('E', 195)
('M', 195)
(';', 193)
('C', 185)
('P', 183)
('G', 183)
('x', 172)
('R', 165)
('O', 147)
('q', 139)
('N', 136)
('F', 128)
('B', 120)
('L', 116)
('Y', 100)
('*', 86)
('Q', 84)
('K', 82)
('z', 79)
('(', 73)
(')', 73)
('U', 70)
('1', 65)
('‘', 46)
('V', 26)
('0', 24)
('"', 22)
('J', 13)
('2', 13)
('5', 13)
('3', 12)
('8', 11)
('/', 11)
('X', 10)
('9', 9)
("'", 8)
('7', 8)
('4', 8)
('6', 7)
('[', 4)
(']', 4)
('$', 2)
('\ufeff', 1)
('#', 1)
('Z', 1)
('ù', 1)
('%', 1)
('@', 1)
('', 1)
