(' ', 1285963)
('e', 406174)
('t', 291259)
('o', 282566)
('a', 245522)
('h', 218881)
('n', 216815)
('s', 215608)
('r', 209918)
('i', 199142)
('l', 146534)
('d', 134224)
('\n', 124796)
('u', 115237)
('m', 95895)
('y', 85549)
(',', 83316)
('.', 78229)
('w', 73155)
('f', 69104)
('c', 67204)
('g', 57329)
('I', 55896)
('p', 46851)
('b', 46770)
('A', 44561)
('E', 42704)
('T', 39880)
('S', 34084)
('v', 34083)
('O', 33270)
("'", 31077)
('k', 29345)
('R', 29041)
('N', 27393)
('L', 23920)
('C', 21528)
('H', 18488)
(';', 17199)
('W', 16510)
('M', 15889)
('D', 15726)
('B', 15452)
('U', 14170)
('P', 12040)
('F', 11770)
('G', 11261)
('?', 10476)
('Y', 9128)
('!', 8843)
('-', 8150)
('K', 6206)
('x', 4682)
('V', 3587)
('j', 2788)
('q', 2414)
('[', 2076)
('J', 2071)
(']', 2068)
(':', 1850)
('Q', 1179)
('z', 1098)
('1', 983)
('9', 966)
(')', 644)
('(', 643)
('X', 608)
('Z', 532)
('"', 488)
('<', 468)
('>', 441)
('2', 376)
('3', 343)
('0', 325)
('4', 107)
('5', 95)
('6', 74)
('*', 73)
('_', 71)
('8', 49)
('/', 48)
('7', 46)
('|', 33)
('&', 21)
('@', 6)
('#', 3)
('}', 2)
('$', 2)
('\ufeff', 1)
('~', 1)
('`', 1)
('%', 1)
('', 1)
