('e', 473490)
('\n', 466551)
('i', 372968)
('a', 359476)
('n', 307607)
('o', 305242)
('r', 302340)
('s', 297615)
('t', 276358)
('l', 244935)
('c', 174174)
('u', 156258)
('d', 149006)
('p', 128257)
('m', 119911)
('h', 114947)
('g', 101772)
('y', 82700)
('b', 76117)
('f', 51603)
('-', 46148)
('v', 41276)
('k', 36131)
('w', 34553)
('z', 17008)
('x', 12094)
('S', 8446)
('C', 8156)
('A', 7952)
('q', 7736)
('M', 6858)
('P', 6477)
('j', 6093)
('B', 5857)
('T', 4870)
('L', 4322)
("'", 4225)
('D', 4199)
('H', 4081)
('G', 3868)
('E', 3655)
('R', 3620)
('N', 2941)
('F', 2784)
('K', 2735)
('O', 2559)
('I', 2427)
('W', 2214)
('.', 1776)
('J', 1708)
('V', 1618)
('U', 1220)
('Z', 668)
('Y', 564)
('Q', 360)
('X', 279)
('/', 69)
('1', 32)
('2', 24)
('4', 13)
('3', 12)
('0', 9)
('5', 9)
('&', 7)
('8', 6)
('6', 6)
('9', 6)
(',', 3)
('7', 2)
('!', 2)
('', 1)
